Raven 2.9.0 configured not to capture errors: DSN not set
An enum element in Ci::Runner uses the prefix 'not_'. This will cause a conflict with auto generated negative scopes.
Creating scope :without_statuses. Overwriting existing method CommitStatus.without_statuses.
Creating scope :with_api_entity_associations. Overwriting existing method Issue.with_api_entity_associations.
Creating scope :of_projects. Overwriting existing method MergeRequest.of_projects.
Creating scope :join_project. Overwriting existing method MergeRequest.join_project.
Creating scope :references_project. Overwriting existing method MergeRequest.references_project.
Creating scope :system. Overwriting existing method Note.system.
Creating scope :order_created_desc. Overwriting existing method Packages::Package.order_created_desc.
Creating scope :order_name_desc. Overwriting existing method Packages::Package.order_name_desc.
Creating scope :order_name_asc. Overwriting existing method Member.order_name_asc.
Creating scope :order_name_desc. Overwriting existing method Member.order_name_desc.
Creating scope :system. Overwriting existing method Gitlab::DatabaseImporters::CommonMetrics::PrometheusMetric.system.
Raven 2.9.0 configured not to capture errors: DSN not set
An enum element in Ci::Runner uses the prefix 'not_'. This will cause a conflict with auto generated negative scopes.
Creating scope :without_statuses. Overwriting existing method CommitStatus.without_statuses.
Creating scope :with_api_entity_associations. Overwriting existing method Issue.with_api_entity_associations.
Creating scope :of_projects. Overwriting existing method MergeRequest.of_projects.
Creating scope :join_project. Overwriting existing method MergeRequest.join_project.
Creating scope :references_project. Overwriting existing method MergeRequest.references_project.
Creating scope :system. Overwriting existing method Note.system.
Creating scope :order_created_desc. Overwriting existing method Packages::Package.order_created_desc.
Creating scope :order_name_desc. Overwriting existing method Packages::Package.order_name_desc.
Raven 2.9.0 configured not to capture errors: DSN not set
Creating scope :with_api_entity_associations. Overwriting existing method Issue.with_api_entity_associations.
Creating scope :of_projects. Overwriting existing method MergeRequest.of_projects.
Creating scope :join_project. Overwriting existing method MergeRequest.join_project.
Creating scope :references_project. Overwriting existing method MergeRequest.references_project.
Creating scope :system. Overwriting existing method Note.system.
An enum element in Ci::Runner uses the prefix 'not_'. This will cause a conflict with auto generated negative scopes.
Creating scope :without_statuses. Overwriting existing method CommitStatus.without_statuses.
Creating scope :order_created_desc. Overwriting existing method Packages::Package.order_created_desc.
Creating scope :order_name_desc. Overwriting existing method Packages::Package.order_name_desc.
Raven 2.9.0 configured not to capture errors: DSN not set
Creating scope :with_api_entity_associations. Overwriting existing method Issue.with_api_entity_associations.
Creating scope :of_projects. Overwriting existing method MergeRequest.of_projects.
Creating scope :join_project. Overwriting existing method MergeRequest.join_project.
Creating scope :references_project. Overwriting existing method MergeRequest.references_project.
Creating scope :system. Overwriting existing method Note.system.
An enum element in Ci::Runner uses the prefix 'not_'. This will cause a conflict with auto generated negative scopes.
Creating scope :without_statuses. Overwriting existing method CommitStatus.without_statuses.
Creating scope :without_statuses. Overwriting existing method Ci::Pipeline.without_statuses.
Creating scope :order_created_desc. Overwriting existing method Packages::Package.order_created_desc.
Creating scope :order_name_desc. Overwriting existing method Packages::Package.order_name_desc.
Creating scope :open. Overwriting existing method AlertManagement::Alert.open.
Creating scope :order_name_asc. Overwriting existing method Label.order_name_asc.
Creating scope :order_name_desc. Overwriting existing method Label.order_name_desc.
Creating scope :without_statuses. Overwriting existing method Ci::Stage.without_statuses.
Creating scope :created. Overwriting existing method Ci::Stage.created.
Creating scope :pending. Overwriting existing method Ci::Stage.pending.
Creating scope :running. Overwriting existing method Ci::Stage.running.
Creating scope :success. Overwriting existing method Ci::Stage.success.
Creating scope :failed. Overwriting existing method Ci::Stage.failed.
Creating scope :canceled. Overwriting existing method Ci::Stage.canceled.
Creating scope :skipped. Overwriting existing method Ci::Stage.skipped.
Creating scope :manual. Overwriting existing method Ci::Stage.manual.
Creating scope :scheduled. Overwriting existing method Ci::Stage.scheduled.
Creating scope :preparing. Overwriting existing method Ci::Stage.preparing.
Creating scope :waiting_for_resource. Overwriting existing method Ci::Stage.waiting_for_resource.
Creating scope :open. Overwriting existing method ExternalPullRequest.open.
Creating scope :order_name_asc. Overwriting existing method Member.order_name_asc.
Creating scope :order_name_desc. Overwriting existing method Member.order_name_desc.
Creating scope :system. Overwriting existing method PrometheusMetric.system.
Creating scope :without_statuses. Overwriting existing method Ci::Pipeline.without_statuses.
Creating scope :open. Overwriting existing method AlertManagement::Alert.open.
Creating scope :system. Overwriting existing method Gitlab::DatabaseImporters::CommonMetrics::PrometheusMetric.system.
Creating scope :order_name_asc. Overwriting existing method Label.order_name_asc.
Creating scope :order_name_desc. Overwriting existing method Label.order_name_desc.
Creating scope :without_statuses. Overwriting existing method Ci::Stage.without_statuses.
Creating scope :created. Overwriting existing method Ci::Stage.created.
Creating scope :pending. Overwriting existing method Ci::Stage.pending.
Creating scope :running. Overwriting existing method Ci::Stage.running.
Creating scope :success. Overwriting existing method Ci::Stage.success.
Creating scope :failed. Overwriting existing method Ci::Stage.failed.
Creating scope :canceled. Overwriting existing method Ci::Stage.canceled.
Creating scope :skipped. Overwriting existing method Ci::Stage.skipped.
Creating scope :manual. Overwriting existing method Ci::Stage.manual.
Creating scope :scheduled. Overwriting existing method Ci::Stage.scheduled.
Creating scope :preparing. Overwriting existing method Ci::Stage.preparing.
Creating scope :waiting_for_resource. Overwriting existing method Ci::Stage.waiting_for_resource.
Creating scope :open. Overwriting existing method ExternalPullRequest.open.
Creating scope :order_name_asc. Overwriting existing method Member.order_name_asc.
Creating scope :order_name_desc. Overwriting existing method Member.order_name_desc.
Creating scope :system. Overwriting existing method PrometheusMetric.system.
Creating scope :system. Overwriting existing method Gitlab::DatabaseImporters::CommonMetrics::PrometheusMetric.system.
Started GET "/" for  at 2020-09-02 18:33:39 +0000
Processing by RootController#index as HTML
Redirected to http://example.org/users/sign_in
Filter chain halted as :redirect_unlogged_user rendered or redirected
Completed 302 Found in 217ms (ActiveRecord: 53.3ms | Elasticsearch: 0.0ms | Allocations: 11620)
Raven 2.9.0 configured not to capture errors: DSN not set
An enum element in Ci::Runner uses the prefix 'not_'. This will cause a conflict with auto generated negative scopes.
Creating scope :without_statuses. Overwriting existing method CommitStatus.without_statuses.
Creating scope :with_api_entity_associations. Overwriting existing method Issue.with_api_entity_associations.
Creating scope :of_projects. Overwriting existing method MergeRequest.of_projects.
Creating scope :join_project. Overwriting existing method MergeRequest.join_project.
Creating scope :references_project. Overwriting existing method MergeRequest.references_project.
Creating scope :system. Overwriting existing method Note.system.
Creating scope :order_created_desc. Overwriting existing method Packages::Package.order_created_desc.
Creating scope :order_name_desc. Overwriting existing method Packages::Package.order_name_desc.
Creating scope :without_statuses. Overwriting existing method Ci::Pipeline.without_statuses.
Creating scope :open. Overwriting existing method AlertManagement::Alert.open.
Creating scope :order_name_asc. Overwriting existing method Label.order_name_asc.
Creating scope :order_name_desc. Overwriting existing method Label.order_name_desc.
Creating scope :without_statuses. Overwriting existing method Ci::Stage.without_statuses.
Creating scope :created. Overwriting existing method Ci::Stage.created.
Creating scope :pending. Overwriting existing method Ci::Stage.pending.
Creating scope :running. Overwriting existing method Ci::Stage.running.
Creating scope :success. Overwriting existing method Ci::Stage.success.
Creating scope :failed. Overwriting existing method Ci::Stage.failed.
Creating scope :canceled. Overwriting existing method Ci::Stage.canceled.
Creating scope :skipped. Overwriting existing method Ci::Stage.skipped.
Creating scope :manual. Overwriting existing method Ci::Stage.manual.
Creating scope :scheduled. Overwriting existing method Ci::Stage.scheduled.
Creating scope :preparing. Overwriting existing method Ci::Stage.preparing.
Creating scope :waiting_for_resource. Overwriting existing method Ci::Stage.waiting_for_resource.
Creating scope :open. Overwriting existing method ExternalPullRequest.open.
Creating scope :order_name_asc. Overwriting existing method Member.order_name_asc.
Creating scope :order_name_desc. Overwriting existing method Member.order_name_desc.
Creating scope :system. Overwriting existing method PrometheusMetric.system.
Creating scope :system. Overwriting existing method Gitlab::DatabaseImporters::CommonMetrics::PrometheusMetric.system.
Raven 2.9.0 configured not to capture errors: DSN not set
Creating scope :with_api_entity_associations. Overwriting existing method Issue.with_api_entity_associations.
Creating scope :of_projects. Overwriting existing method MergeRequest.of_projects.
Creating scope :join_project. Overwriting existing method MergeRequest.join_project.
Creating scope :references_project. Overwriting existing method MergeRequest.references_project.
Creating scope :system. Overwriting existing method Note.system.
An enum element in Ci::Runner uses the prefix 'not_'. This will cause a conflict with auto generated negative scopes.
Creating scope :without_statuses. Overwriting existing method CommitStatus.without_statuses.
Creating scope :order_created_desc. Overwriting existing method Packages::Package.order_created_desc.
Creating scope :order_name_desc. Overwriting existing method Packages::Package.order_name_desc.
Creating scope :without_statuses. Overwriting existing method Ci::Pipeline.without_statuses.
Creating scope :open. Overwriting existing method AlertManagement::Alert.open.
Creating scope :order_name_asc. Overwriting existing method Label.order_name_asc.
Creating scope :order_name_desc. Overwriting existing method Label.order_name_desc.
Creating scope :without_statuses. Overwriting existing method Ci::Stage.without_statuses.
Creating scope :created. Overwriting existing method Ci::Stage.created.
Creating scope :pending. Overwriting existing method Ci::Stage.pending.
Creating scope :running. Overwriting existing method Ci::Stage.running.
Creating scope :success. Overwriting existing method Ci::Stage.success.
Creating scope :failed. Overwriting existing method Ci::Stage.failed.
Creating scope :canceled. Overwriting existing method Ci::Stage.canceled.
Creating scope :skipped. Overwriting existing method Ci::Stage.skipped.
Creating scope :manual. Overwriting existing method Ci::Stage.manual.
Creating scope :scheduled. Overwriting existing method Ci::Stage.scheduled.
Creating scope :preparing. Overwriting existing method Ci::Stage.preparing.
Creating scope :waiting_for_resource. Overwriting existing method Ci::Stage.waiting_for_resource.
Creating scope :open. Overwriting existing method ExternalPullRequest.open.
Creating scope :order_name_asc. Overwriting existing method Member.order_name_asc.
Creating scope :order_name_desc. Overwriting existing method Member.order_name_desc.
Creating scope :system. Overwriting existing method PrometheusMetric.system.
Creating scope :system. Overwriting existing method Gitlab::DatabaseImporters::CommonMetrics::PrometheusMetric.system.
Started GET "/" for  at 2020-09-02 18:36:01 +0000
Processing by RootController#index as HTML
Redirected to http://example.org/users/sign_in
Filter chain halted as :redirect_unlogged_user rendered or redirected
Completed 302 Found in 72ms (ActiveRecord: 0.0ms | Elasticsearch: 0.0ms | Allocations: 8626)
Raven 2.9.0 configured not to capture errors: DSN not set
An enum element in Ci::Runner uses the prefix 'not_'. This will cause a conflict with auto generated negative scopes.
Creating scope :without_statuses. Overwriting existing method CommitStatus.without_statuses.
Creating scope :with_api_entity_associations. Overwriting existing method Issue.with_api_entity_associations.
Creating scope :of_projects. Overwriting existing method MergeRequest.of_projects.
Creating scope :join_project. Overwriting existing method MergeRequest.join_project.
Creating scope :references_project. Overwriting existing method MergeRequest.references_project.
Creating scope :system. Overwriting existing method Note.system.
Creating scope :order_created_desc. Overwriting existing method Packages::Package.order_created_desc.
Creating scope :order_name_desc. Overwriting existing method Packages::Package.order_name_desc.
Raven 2.9.0 configured not to capture errors: DSN not set
Creating scope :with_api_entity_associations. Overwriting existing method Issue.with_api_entity_associations.
Creating scope :of_projects. Overwriting existing method MergeRequest.of_projects.
Creating scope :join_project. Overwriting existing method MergeRequest.join_project.
Creating scope :references_project. Overwriting existing method MergeRequest.references_project.
Creating scope :system. Overwriting existing method Note.system.
An enum element in Ci::Runner uses the prefix 'not_'. This will cause a conflict with auto generated negative scopes.
Creating scope :without_statuses. Overwriting existing method CommitStatus.without_statuses.
Creating scope :order_created_desc. Overwriting existing method Packages::Package.order_created_desc.
Creating scope :order_name_desc. Overwriting existing method Packages::Package.order_name_desc.
Creating scope :without_statuses. Overwriting existing method Ci::Pipeline.without_statuses.
Creating scope :open. Overwriting existing method AlertManagement::Alert.open.
Creating scope :order_name_asc. Overwriting existing method Label.order_name_asc.
Creating scope :order_name_desc. Overwriting existing method Label.order_name_desc.
Creating scope :without_statuses. Overwriting existing method Ci::Stage.without_statuses.
Creating scope :created. Overwriting existing method Ci::Stage.created.
Creating scope :pending. Overwriting existing method Ci::Stage.pending.
Creating scope :running. Overwriting existing method Ci::Stage.running.
Creating scope :success. Overwriting existing method Ci::Stage.success.
Creating scope :failed. Overwriting existing method Ci::Stage.failed.
Creating scope :canceled. Overwriting existing method Ci::Stage.canceled.
Creating scope :skipped. Overwriting existing method Ci::Stage.skipped.
Creating scope :manual. Overwriting existing method Ci::Stage.manual.
Creating scope :scheduled. Overwriting existing method Ci::Stage.scheduled.
Creating scope :preparing. Overwriting existing method Ci::Stage.preparing.
Creating scope :waiting_for_resource. Overwriting existing method Ci::Stage.waiting_for_resource.
Creating scope :open. Overwriting existing method ExternalPullRequest.open.
Creating scope :order_name_asc. Overwriting existing method Member.order_name_asc.
Creating scope :order_name_desc. Overwriting existing method Member.order_name_desc.
Creating scope :system. Overwriting existing method PrometheusMetric.system.
Creating scope :system. Overwriting existing method Gitlab::DatabaseImporters::CommonMetrics::PrometheusMetric.system.
Raven 2.9.0 configured not to capture errors: DSN not set
Raven 2.9.0 configured not to capture errors: DSN not set
Creating scope :with_api_entity_associations. Overwriting existing method Issue.with_api_entity_associations.
Creating scope :of_projects. Overwriting existing method MergeRequest.of_projects.
Creating scope :join_project. Overwriting existing method MergeRequest.join_project.
Creating scope :references_project. Overwriting existing method MergeRequest.references_project.
Creating scope :system. Overwriting existing method Note.system.
Creating scope :with_api_entity_associations. Overwriting existing method Issue.with_api_entity_associations.
Creating scope :of_projects. Overwriting existing method MergeRequest.of_projects.
Creating scope :join_project. Overwriting existing method MergeRequest.join_project.
Creating scope :references_project. Overwriting existing method MergeRequest.references_project.
Creating scope :system. Overwriting existing method Note.system.
An enum element in Ci::Runner uses the prefix 'not_'. This will cause a conflict with auto generated negative scopes.
An enum element in Ci::Runner uses the prefix 'not_'. This will cause a conflict with auto generated negative scopes.
Creating scope :without_statuses. Overwriting existing method CommitStatus.without_statuses.
Creating scope :without_statuses. Overwriting existing method CommitStatus.without_statuses.
Creating scope :order_created_desc. Overwriting existing method Packages::Package.order_created_desc.
Creating scope :order_name_desc. Overwriting existing method Packages::Package.order_name_desc.
Creating scope :order_created_desc. Overwriting existing method Packages::Package.order_created_desc.
Creating scope :order_name_desc. Overwriting existing method Packages::Package.order_name_desc.
Creating scope :without_statuses. Overwriting existing method Ci::Pipeline.without_statuses.
Creating scope :without_statuses. Overwriting existing method Ci::Pipeline.without_statuses.
Creating scope :open. Overwriting existing method AlertManagement::Alert.open.
Creating scope :open. Overwriting existing method AlertManagement::Alert.open.
Creating scope :order_name_asc. Overwriting existing method Label.order_name_asc.
Creating scope :order_name_desc. Overwriting existing method Label.order_name_desc.
Creating scope :order_name_asc. Overwriting existing method Label.order_name_asc.
Creating scope :order_name_desc. Overwriting existing method Label.order_name_desc.
Creating scope :without_statuses. Overwriting existing method Ci::Stage.without_statuses.
Creating scope :created. Overwriting existing method Ci::Stage.created.
Creating scope :pending. Overwriting existing method Ci::Stage.pending.
Creating scope :running. Overwriting existing method Ci::Stage.running.
Creating scope :success. Overwriting existing method Ci::Stage.success.
Creating scope :failed. Overwriting existing method Ci::Stage.failed.
Creating scope :canceled. Overwriting existing method Ci::Stage.canceled.
Creating scope :skipped. Overwriting existing method Ci::Stage.skipped.
Creating scope :manual. Overwriting existing method Ci::Stage.manual.
Creating scope :scheduled. Overwriting existing method Ci::Stage.scheduled.
Creating scope :preparing. Overwriting existing method Ci::Stage.preparing.
Creating scope :waiting_for_resource. Overwriting existing method Ci::Stage.waiting_for_resource.
Creating scope :without_statuses. Overwriting existing method Ci::Stage.without_statuses.
Creating scope :created. Overwriting existing method Ci::Stage.created.
Creating scope :pending. Overwriting existing method Ci::Stage.pending.
Creating scope :running. Overwriting existing method Ci::Stage.running.
Creating scope :success. Overwriting existing method Ci::Stage.success.
Creating scope :failed. Overwriting existing method Ci::Stage.failed.
Creating scope :canceled. Overwriting existing method Ci::Stage.canceled.
Creating scope :skipped. Overwriting existing method Ci::Stage.skipped.
Creating scope :manual. Overwriting existing method Ci::Stage.manual.
Creating scope :scheduled. Overwriting existing method Ci::Stage.scheduled.
Creating scope :preparing. Overwriting existing method Ci::Stage.preparing.
Creating scope :waiting_for_resource. Overwriting existing method Ci::Stage.waiting_for_resource.
Creating scope :open. Overwriting existing method ExternalPullRequest.open.
Creating scope :open. Overwriting existing method ExternalPullRequest.open.
Creating scope :order_name_asc. Overwriting existing method Member.order_name_asc.
Creating scope :order_name_desc. Overwriting existing method Member.order_name_desc.
Creating scope :order_name_asc. Overwriting existing method Member.order_name_asc.
Creating scope :order_name_desc. Overwriting existing method Member.order_name_desc.
Creating scope :system. Overwriting existing method PrometheusMetric.system.
Creating scope :system. Overwriting existing method PrometheusMetric.system.
Creating scope :system. Overwriting existing method Gitlab::DatabaseImporters::CommonMetrics::PrometheusMetric.system.
Creating scope :system. Overwriting existing method Gitlab::DatabaseImporters::CommonMetrics::PrometheusMetric.system.
Raven 2.9.0 configured not to capture errors: DSN not set
An enum element in Ci::Runner uses the prefix 'not_'. This will cause a conflict with auto generated negative scopes.
Creating scope :without_statuses. Overwriting existing method CommitStatus.without_statuses.
Creating scope :with_api_entity_associations. Overwriting existing method Issue.with_api_entity_associations.
Creating scope :of_projects. Overwriting existing method MergeRequest.of_projects.
Creating scope :join_project. Overwriting existing method MergeRequest.join_project.
Creating scope :references_project. Overwriting existing method MergeRequest.references_project.
Creating scope :system. Overwriting existing method Note.system.
Creating scope :order_created_desc. Overwriting existing method Packages::Package.order_created_desc.
Creating scope :order_name_desc. Overwriting existing method Packages::Package.order_name_desc.
