--- Copying files at Thu Aug 20 21:17:30 UTC 2020
--- Copying files at Thu Aug 20 23:40:31 UTC 2020
--- Copying files at Thu Aug 20 23:59:40 UTC 2020
--- Copying files at Fri Aug 21 00:07:10 UTC 2020
--- Copying files at Fri Aug 21 12:53:08 UTC 2020
--- Copying files at Fri Aug 21 22:08:03 UTC 2020
--- Copying files at Sun Aug 23 15:08:58 UTC 2020
--- Copying files at Mon Aug 24 12:25:17 UTC 2020
--- Copying files at Mon Aug 24 13:06:34 UTC 2020
--- Copying files at Mon Aug 24 13:23:59 UTC 2020
--- Copying files at Mon Aug 24 16:48:47 UTC 2020
--- Copying files at Mon Aug 24 16:50:11 UTC 2020
--- Copying files at Mon Aug 24 18:40:03 UTC 2020
--- Copying files at Mon Aug 24 18:49:27 UTC 2020
--- Copying files at Mon Aug 24 19:06:25 UTC 2020
--- Copying files at Mon Aug 24 19:23:40 UTC 2020
--- Copying files at Mon Aug 24 20:25:12 UTC 2020
--- Copying files at Mon Aug 24 20:25:20 UTC 2020
--- Copying files at Mon Aug 24 21:36:40 UTC 2020
--- Copying files at Mon Aug 24 22:11:49 UTC 2020
--- Copying files at Mon Aug 24 23:00:30 UTC 2020
--- Copying files at Mon Aug 24 23:17:38 UTC 2020
--- Copying files at Tue Aug 25 00:01:32 UTC 2020
--- Copying files at Tue Aug 25 00:04:39 UTC 2020
--- Copying files at Tue Aug 25 00:07:28 UTC 2020
--- Copying files at Tue Aug 25 02:53:06 UTC 2020
--- Copying files at Tue Aug 25 12:02:47 UTC 2020
--- Copying files at Tue Aug 25 16:53:22 UTC 2020
--- Copying files at Tue Aug 25 16:57:23 UTC 2020
--- Copying files at Tue Aug 25 18:16:47 UTC 2020
--- Copying files at Tue Aug 25 18:24:53 UTC 2020
--- Copying files at Tue Aug 25 18:26:49 UTC 2020
--- Copying files at Tue Aug 25 18:27:33 UTC 2020
--- Copying files at Tue Aug 25 18:28:23 UTC 2020
--- Copying files at Tue Aug 25 18:30:24 UTC 2020
--- Copying files at Tue Aug 25 18:33:38 UTC 2020
--- Copying files at Wed Aug 26 18:44:57 UTC 2020
--- Copying files at Thu Aug 27 14:41:53 UTC 2020
--- Copying files at Thu Aug 27 15:09:02 UTC 2020
--- Copying files at Thu Aug 27 15:15:27 UTC 2020
--- Copying files at Thu Aug 27 15:21:07 UTC 2020
--- Copying files at Thu Aug 27 15:27:49 UTC 2020
--- Copying files at Thu Aug 27 15:32:16 UTC 2020
--- Copying files at Thu Aug 27 16:03:12 UTC 2020
--- Copying files at Thu Aug 27 16:28:39 UTC 2020
--- Copying files at Fri Aug 28 12:48:41 UTC 2020
--- Copying files at Fri Aug 28 16:24:54 UTC 2020
--- Copying files at Fri Aug 28 16:54:04 UTC 2020
--- Copying files at Fri Aug 28 17:10:53 UTC 2020
--- Copying files at Fri Aug 28 21:00:47 UTC 2020
--- Copying files at Fri Aug 28 21:29:19 UTC 2020
--- Copying files at Mon Aug 31 12:21:11 UTC 2020
--- Copying files at Mon Aug 31 13:53:52 UTC 2020
--- Copying files at Mon Aug 31 15:53:04 UTC 2020
--- Copying files at Mon Aug 31 15:59:06 UTC 2020
--- Copying files at Mon Aug 31 17:35:43 UTC 2020
--- Copying files at Mon Aug 31 17:49:34 UTC 2020
--- Copying files at Mon Aug 31 18:00:32 UTC 2020
--- Copying files at Tue Sep  1 14:50:16 UTC 2020
--- Copying files at Tue Sep  1 15:33:06 UTC 2020
--- Copying files at Tue Sep  1 16:05:40 UTC 2020
--- Copying files at Tue Sep  1 19:34:42 UTC 2020
--- Copying files at Tue Sep  1 19:48:49 UTC 2020
--- Copying files at Tue Sep  1 20:08:06 UTC 2020
--- Copying files at Tue Sep  1 21:00:37 UTC 2020
